{
  "RSpec": {
    "coverage": {
      "/Users/olivercutting/Projects/MakersBnB-clue/app.rb": {
        "lines": [
          1,
          1,
          1,
          null,
          1,
          1,
          0,
          null,
          null,
          1,
          1,
          null,
          null,
          1,
          3,
          3,
          null,
          null,
          1,
          1,
          null,
          null,
          1,
          1,
          1,
          null,
          null,
          1,
          1,
          null,
          null,
          1,
          null
        ]
      },
      "/Users/olivercutting/Projects/MakersBnB-clue/lib/room.rb": {
        "lines": [
          1,
          null,
          1,
          null,
          1,
          5,
          5,
          null,
          0,
          null,
          null,
          5,
          5,
          7,
          null,
          null,
          null,
          1,
          2,
          2,
          null,
          0,
          null,
          null,
          2,
          null,
          null
        ]
      },
      "/Users/olivercutting/Projects/MakersBnB-clue/spec/features/booking_a_room_spec.rb": {
        "lines": [
          1,
          1,
          1,
          1,
          null,
          1,
          null,
          null
        ]
      },
      "/Users/olivercutting/Projects/MakersBnB-clue/spec/features/create_a_listing_spec.rb": {
        "lines": [
          1,
          1,
          1,
          1,
          1,
          null,
          1,
          null,
          null
        ]
      },
      "/Users/olivercutting/Projects/MakersBnB-clue/spec/features/list_available_rooms_spec.rb": {
        "lines": [
          1,
          1,
          1,
          null,
          1,
          null,
          null
        ]
      },
      "/Users/olivercutting/Projects/MakersBnB-clue/spec/features/test_page_spec.rb": {
        "lines": [
          1,
          1,
          1,
          null,
          1,
          null,
          null
        ]
      },
      "/Users/olivercutting/Projects/MakersBnB-clue/spec/room_spec.rb": {
        "lines": [
          1,
          null,
          1,
          1,
          1,
          1,
          1,
          null,
          null,
          null,
          1,
          1,
          1,
          1,
          1,
          null,
          null,
          null
        ]
      }
    },
    "timestamp": 1644855924
  }
}
